CRITICAL - 2022-07-20 00:13:16 --> Trying to access array offset on value of type null
#0 D:\xampp\joki\app\Controllers\Supplier.php(50): CodeIgniter\Debug\Exceptions->errorHandler(8, 'Trying to acces...', 'D:\\xampp\\joki\\a...', 50, Array)
#1 D:\xampp\joki\system\CodeIgniter.php(832): App\Controllers\Supplier->add()
#2 D:\xampp\joki\system\CodeIgniter.php(419): CodeIgniter\CodeIgniter->runController(Object(App\Controllers\Supplier))
#3 D:\xampp\joki\system\CodeIgniter.php(326): CodeIgniter\CodeIgniter->handleRequest(NULL, Object(Config\Cache), false)
#4 D:\xampp\joki\public\index.php(37): CodeIgniter\CodeIgniter->run()
#5 D:\xampp\joki\system\Commands\Server\rewrite.php(43): require_once('D:\\xampp\\joki\\p...')
#6 {main}
CRITICAL - 2022-07-20 00:13:16 --> Trying to access array offset on value of type null
#0 D:\xampp\joki\app\Controllers\Supplier.php(50): CodeIgniter\Debug\Exceptions->errorHandler(8, 'Trying to acces...', 'D:\\xampp\\joki\\a...', 50, Array)
#1 D:\xampp\joki\system\CodeIgniter.php(832): App\Controllers\Supplier->add()
#2 D:\xampp\joki\system\CodeIgniter.php(419): CodeIgniter\CodeIgniter->runController(Object(App\Controllers\Supplier))
#3 D:\xampp\joki\system\CodeIgniter.php(326): CodeIgniter\CodeIgniter->handleRequest(NULL, Object(Config\Cache), false)
#4 D:\xampp\joki\public\index.php(37): CodeIgniter\CodeIgniter->run()
#5 D:\xampp\joki\system\Commands\Server\rewrite.php(43): require_once('D:\\xampp\\joki\\p...')
#6 {main}
CRITICAL - 2022-07-20 00:14:44 --> Undefined variable: format
#0 D:\xampp\joki\app\Views\page\supplier\add.php(19): CodeIgniter\Debug\Exceptions->errorHandler(8, 'Undefined varia...', 'D:\\xampp\\joki\\a...', 19, Array)
#1 D:\xampp\joki\system\View\View.php(210): include('D:\\xampp\\joki\\a...')
#2 D:\xampp\joki\system\View\View.php(213): CodeIgniter\View\View->CodeIgniter\View\{closure}()
#3 D:\xampp\joki\system\View\View.php(424): CodeIgniter\View\View->render('page/supplier/a...', NULL, true)
#4 D:\xampp\joki\app\Views\supplier\add.php(3): CodeIgniter\View\View->include('page/supplier/a...')
#5 D:\xampp\joki\system\View\View.php(210): include('D:\\xampp\\joki\\a...')
#6 D:\xampp\joki\system\View\View.php(213): CodeIgniter\View\View->CodeIgniter\View\{closure}()
#7 D:\xampp\joki\system\Common.php(1089): CodeIgniter\View\View->render('supplier/add.ph...', Array, true)
#8 D:\xampp\joki\app\Controllers\Supplier.php(67): view('supplier/add.ph...', Array)
#9 D:\xampp\joki\system\CodeIgniter.php(832): App\Controllers\Supplier->add()
#10 D:\xampp\joki\system\CodeIgniter.php(419): CodeIgniter\CodeIgniter->runController(Object(App\Controllers\Supplier))
#11 D:\xampp\joki\system\CodeIgniter.php(326): CodeIgniter\CodeIgniter->handleRequest(NULL, Object(Config\Cache), false)
#12 D:\xampp\joki\public\index.php(37): CodeIgniter\CodeIgniter->run()
#13 D:\xampp\joki\system\Commands\Server\rewrite.php(43): require_once('D:\\xampp\\joki\\p...')
#14 {main}
CRITICAL - 2022-07-20 00:14:44 --> Undefined variable: format
#0 D:\xampp\joki\app\Views\page\supplier\add.php(19): CodeIgniter\Debug\Exceptions->errorHandler(8, 'Undefined varia...', 'D:\\xampp\\joki\\a...', 19, Array)
#1 D:\xampp\joki\system\View\View.php(210): include('D:\\xampp\\joki\\a...')
#2 D:\xampp\joki\system\View\View.php(213): CodeIgniter\View\View->CodeIgniter\View\{closure}()
#3 D:\xampp\joki\system\View\View.php(424): CodeIgniter\View\View->render('page/supplier/a...', NULL, true)
#4 D:\xampp\joki\app\Views\supplier\add.php(3): CodeIgniter\View\View->include('page/supplier/a...')
#5 D:\xampp\joki\system\View\View.php(210): include('D:\\xampp\\joki\\a...')
#6 D:\xampp\joki\system\View\View.php(213): CodeIgniter\View\View->CodeIgniter\View\{closure}()
#7 D:\xampp\joki\system\Common.php(1089): CodeIgniter\View\View->render('supplier/add.ph...', Array, true)
#8 D:\xampp\joki\app\Controllers\Supplier.php(67): view('supplier/add.ph...', Array)
#9 D:\xampp\joki\system\CodeIgniter.php(832): App\Controllers\Supplier->add()
#10 D:\xampp\joki\system\CodeIgniter.php(419): CodeIgniter\CodeIgniter->runController(Object(App\Controllers\Supplier))
#11 D:\xampp\joki\system\CodeIgniter.php(326): CodeIgniter\CodeIgniter->handleRequest(NULL, Object(Config\Cache), false)
#12 D:\xampp\joki\public\index.php(37): CodeIgniter\CodeIgniter->run()
#13 D:\xampp\joki\system\Commands\Server\rewrite.php(43): require_once('D:\\xampp\\joki\\p...')
#14 {main}
CRITICAL - 2022-07-20 00:14:45 --> Undefined variable: format
#0 D:\xampp\joki\app\Views\page\supplier\add.php(19): CodeIgniter\Debug\Exceptions->errorHandler(8, 'Undefined varia...', 'D:\\xampp\\joki\\a...', 19, Array)
#1 D:\xampp\joki\system\View\View.php(210): include('D:\\xampp\\joki\\a...')
#2 D:\xampp\joki\system\View\View.php(213): CodeIgniter\View\View->CodeIgniter\View\{closure}()
#3 D:\xampp\joki\system\View\View.php(424): CodeIgniter\View\View->render('page/supplier/a...', NULL, true)
#4 D:\xampp\joki\app\Views\supplier\add.php(3): CodeIgniter\View\View->include('page/supplier/a...')
#5 D:\xampp\joki\system\View\View.php(210): include('D:\\xampp\\joki\\a...')
#6 D:\xampp\joki\system\View\View.php(213): CodeIgniter\View\View->CodeIgniter\View\{closure}()
#7 D:\xampp\joki\system\Common.php(1089): CodeIgniter\View\View->render('supplier/add.ph...', Array, true)
#8 D:\xampp\joki\app\Controllers\Supplier.php(67): view('supplier/add.ph...', Array)
#9 D:\xampp\joki\system\CodeIgniter.php(832): App\Controllers\Supplier->add()
#10 D:\xampp\joki\system\CodeIgniter.php(419): CodeIgniter\CodeIgniter->runController(Object(App\Controllers\Supplier))
#11 D:\xampp\joki\system\CodeIgniter.php(326): CodeIgniter\CodeIgniter->handleRequest(NULL, Object(Config\Cache), false)
#12 D:\xampp\joki\public\index.php(37): CodeIgniter\CodeIgniter->run()
#13 D:\xampp\joki\system\Commands\Server\rewrite.php(43): require_once('D:\\xampp\\joki\\p...')
#14 {main}
CRITICAL - 2022-07-20 00:14:45 --> Undefined variable: format
#0 D:\xampp\joki\app\Views\page\supplier\add.php(19): CodeIgniter\Debug\Exceptions->errorHandler(8, 'Undefined varia...', 'D:\\xampp\\joki\\a...', 19, Array)
#1 D:\xampp\joki\system\View\View.php(210): include('D:\\xampp\\joki\\a...')
#2 D:\xampp\joki\system\View\View.php(213): CodeIgniter\View\View->CodeIgniter\View\{closure}()
#3 D:\xampp\joki\system\View\View.php(424): CodeIgniter\View\View->render('page/supplier/a...', NULL, true)
#4 D:\xampp\joki\app\Views\supplier\add.php(3): CodeIgniter\View\View->include('page/supplier/a...')
#5 D:\xampp\joki\system\View\View.php(210): include('D:\\xampp\\joki\\a...')
#6 D:\xampp\joki\system\View\View.php(213): CodeIgniter\View\View->CodeIgniter\View\{closure}()
#7 D:\xampp\joki\system\Common.php(1089): CodeIgniter\View\View->render('supplier/add.ph...', Array, true)
#8 D:\xampp\joki\app\Controllers\Supplier.php(67): view('supplier/add.ph...', Array)
#9 D:\xampp\joki\system\CodeIgniter.php(832): App\Controllers\Supplier->add()
#10 D:\xampp\joki\system\CodeIgniter.php(419): CodeIgniter\CodeIgniter->runController(Object(App\Controllers\Supplier))
#11 D:\xampp\joki\system\CodeIgniter.php(326): CodeIgniter\CodeIgniter->handleRequest(NULL, Object(Config\Cache), false)
#12 D:\xampp\joki\public\index.php(37): CodeIgniter\CodeIgniter->run()
#13 D:\xampp\joki\system\Commands\Server\rewrite.php(43): require_once('D:\\xampp\\joki\\p...')
#14 {main}
CRITICAL - 2022-07-20 00:14:45 --> Undefined variable: format
#0 D:\xampp\joki\app\Views\page\supplier\add.php(19): CodeIgniter\Debug\Exceptions->errorHandler(8, 'Undefined varia...', 'D:\\xampp\\joki\\a...', 19, Array)
#1 D:\xampp\joki\system\View\View.php(210): include('D:\\xampp\\joki\\a...')
#2 D:\xampp\joki\system\View\View.php(213): CodeIgniter\View\View->CodeIgniter\View\{closure}()
#3 D:\xampp\joki\system\View\View.php(424): CodeIgniter\View\View->render('page/supplier/a...', NULL, true)
#4 D:\xampp\joki\app\Views\supplier\add.php(3): CodeIgniter\View\View->include('page/supplier/a...')
#5 D:\xampp\joki\system\View\View.php(210): include('D:\\xampp\\joki\\a...')
#6 D:\xampp\joki\system\View\View.php(213): CodeIgniter\View\View->CodeIgniter\View\{closure}()
#7 D:\xampp\joki\system\Common.php(1089): CodeIgniter\View\View->render('supplier/add.ph...', Array, true)
#8 D:\xampp\joki\app\Controllers\Supplier.php(67): view('supplier/add.ph...', Array)
#9 D:\xampp\joki\system\CodeIgniter.php(832): App\Controllers\Supplier->add()
#10 D:\xampp\joki\system\CodeIgniter.php(419): CodeIgniter\CodeIgniter->runController(Object(App\Controllers\Supplier))
#11 D:\xampp\joki\system\CodeIgniter.php(326): CodeIgniter\CodeIgniter->handleRequest(NULL, Object(Config\Cache), false)
#12 D:\xampp\joki\public\index.php(37): CodeIgniter\CodeIgniter->run()
#13 D:\xampp\joki\system\Commands\Server\rewrite.php(43): require_once('D:\\xampp\\joki\\p...')
#14 {main}
CRITICAL - 2022-07-20 00:29:19 --> Too few arguments to function App\Controllers\Supplier::edit(), 0 passed in D:\xampp\joki\system\CodeIgniter.php on line 832 and exactly 1 expected
#0 D:\xampp\joki\system\CodeIgniter.php(832): App\Controllers\Supplier->edit()
#1 D:\xampp\joki\system\CodeIgniter.php(419): CodeIgniter\CodeIgniter->runController(Object(App\Controllers\Supplier))
#2 D:\xampp\joki\system\CodeIgniter.php(326): CodeIgniter\CodeIgniter->handleRequest(NULL, Object(Config\Cache), false)
#3 D:\xampp\joki\public\index.php(37): CodeIgniter\CodeIgniter->run()
#4 D:\xampp\joki\system\Commands\Server\rewrite.php(43): require_once('D:\\xampp\\joki\\p...')
#5 {main}
CRITICAL - 2022-07-20 02:01:58 --> Undefined variable: laporan
#0 D:\xampp\joki\app\Views\page\supplier\index.php(7): CodeIgniter\Debug\Exceptions->errorHandler(8, 'Undefined varia...', 'D:\\xampp\\joki\\a...', 7, Array)
#1 D:\xampp\joki\system\View\View.php(210): include('D:\\xampp\\joki\\a...')
#2 D:\xampp\joki\system\View\View.php(213): CodeIgniter\View\View->CodeIgniter\View\{closure}()
#3 D:\xampp\joki\system\View\View.php(424): CodeIgniter\View\View->render('page/supplier/i...', NULL, true)
#4 D:\xampp\joki\app\Views\supplier\index.php(3): CodeIgniter\View\View->include('page/supplier/i...')
#5 D:\xampp\joki\system\View\View.php(210): include('D:\\xampp\\joki\\a...')
#6 D:\xampp\joki\system\View\View.php(213): CodeIgniter\View\View->CodeIgniter\View\{closure}()
#7 D:\xampp\joki\system\Common.php(1089): CodeIgniter\View\View->render('supplier/index....', Array, true)
#8 D:\xampp\joki\app\Controllers\Supplier.php(16): view('supplier/index....', Array)
#9 D:\xampp\joki\system\CodeIgniter.php(832): App\Controllers\Supplier->index()
#10 D:\xampp\joki\system\CodeIgniter.php(419): CodeIgniter\CodeIgniter->runController(Object(App\Controllers\Supplier))
#11 D:\xampp\joki\system\CodeIgniter.php(326): CodeIgniter\CodeIgniter->handleRequest(NULL, Object(Config\Cache), false)
#12 D:\xampp\joki\public\index.php(37): CodeIgniter\CodeIgniter->run()
#13 D:\xampp\joki\system\Commands\Server\rewrite.php(43): require_once('D:\\xampp\\joki\\p...')
#14 {main}
CRITICAL - 2022-07-20 02:01:59 --> Undefined variable: laporan
#0 D:\xampp\joki\app\Views\page\supplier\index.php(7): CodeIgniter\Debug\Exceptions->errorHandler(8, 'Undefined varia...', 'D:\\xampp\\joki\\a...', 7, Array)
#1 D:\xampp\joki\system\View\View.php(210): include('D:\\xampp\\joki\\a...')
#2 D:\xampp\joki\system\View\View.php(213): CodeIgniter\View\View->CodeIgniter\View\{closure}()
#3 D:\xampp\joki\system\View\View.php(424): CodeIgniter\View\View->render('page/supplier/i...', NULL, true)
#4 D:\xampp\joki\app\Views\supplier\index.php(3): CodeIgniter\View\View->include('page/supplier/i...')
#5 D:\xampp\joki\system\View\View.php(210): include('D:\\xampp\\joki\\a...')
#6 D:\xampp\joki\system\View\View.php(213): CodeIgniter\View\View->CodeIgniter\View\{closure}()
#7 D:\xampp\joki\system\Common.php(1089): CodeIgniter\View\View->render('supplier/index....', Array, true)
#8 D:\xampp\joki\app\Controllers\Supplier.php(16): view('supplier/index....', Array)
#9 D:\xampp\joki\system\CodeIgniter.php(832): App\Controllers\Supplier->index()
#10 D:\xampp\joki\system\CodeIgniter.php(419): CodeIgniter\CodeIgniter->runController(Object(App\Controllers\Supplier))
#11 D:\xampp\joki\system\CodeIgniter.php(326): CodeIgniter\CodeIgniter->handleRequest(NULL, Object(Config\Cache), false)
#12 D:\xampp\joki\public\index.php(37): CodeIgniter\CodeIgniter->run()
#13 D:\xampp\joki\system\Commands\Server\rewrite.php(43): require_once('D:\\xampp\\joki\\p...')
#14 {main}
CRITICAL - 2022-07-20 02:01:59 --> Undefined variable: laporan
#0 D:\xampp\joki\app\Views\page\supplier\index.php(7): CodeIgniter\Debug\Exceptions->errorHandler(8, 'Undefined varia...', 'D:\\xampp\\joki\\a...', 7, Array)
#1 D:\xampp\joki\system\View\View.php(210): include('D:\\xampp\\joki\\a...')
#2 D:\xampp\joki\system\View\View.php(213): CodeIgniter\View\View->CodeIgniter\View\{closure}()
#3 D:\xampp\joki\system\View\View.php(424): CodeIgniter\View\View->render('page/supplier/i...', NULL, true)
#4 D:\xampp\joki\app\Views\supplier\index.php(3): CodeIgniter\View\View->include('page/supplier/i...')
#5 D:\xampp\joki\system\View\View.php(210): include('D:\\xampp\\joki\\a...')
#6 D:\xampp\joki\system\View\View.php(213): CodeIgniter\View\View->CodeIgniter\View\{closure}()
#7 D:\xampp\joki\system\Common.php(1089): CodeIgniter\View\View->render('supplier/index....', Array, true)
#8 D:\xampp\joki\app\Controllers\Supplier.php(16): view('supplier/index....', Array)
#9 D:\xampp\joki\system\CodeIgniter.php(832): App\Controllers\Supplier->index()
#10 D:\xampp\joki\system\CodeIgniter.php(419): CodeIgniter\CodeIgniter->runController(Object(App\Controllers\Supplier))
#11 D:\xampp\joki\system\CodeIgniter.php(326): CodeIgniter\CodeIgniter->handleRequest(NULL, Object(Config\Cache), false)
#12 D:\xampp\joki\public\index.php(37): CodeIgniter\CodeIgniter->run()
#13 D:\xampp\joki\system\Commands\Server\rewrite.php(43): require_once('D:\\xampp\\joki\\p...')
#14 {main}
CRITICAL - 2022-07-20 02:01:59 --> Undefined variable: laporan
#0 D:\xampp\joki\app\Views\page\supplier\index.php(7): CodeIgniter\Debug\Exceptions->errorHandler(8, 'Undefined varia...', 'D:\\xampp\\joki\\a...', 7, Array)
#1 D:\xampp\joki\system\View\View.php(210): include('D:\\xampp\\joki\\a...')
#2 D:\xampp\joki\system\View\View.php(213): CodeIgniter\View\View->CodeIgniter\View\{closure}()
#3 D:\xampp\joki\system\View\View.php(424): CodeIgniter\View\View->render('page/supplier/i...', NULL, true)
#4 D:\xampp\joki\app\Views\supplier\index.php(3): CodeIgniter\View\View->include('page/supplier/i...')
#5 D:\xampp\joki\system\View\View.php(210): include('D:\\xampp\\joki\\a...')
#6 D:\xampp\joki\system\View\View.php(213): CodeIgniter\View\View->CodeIgniter\View\{closure}()
#7 D:\xampp\joki\system\Common.php(1089): CodeIgniter\View\View->render('supplier/index....', Array, true)
#8 D:\xampp\joki\app\Controllers\Supplier.php(16): view('supplier/index....', Array)
#9 D:\xampp\joki\system\CodeIgniter.php(832): App\Controllers\Supplier->index()
#10 D:\xampp\joki\system\CodeIgniter.php(419): CodeIgniter\CodeIgniter->runController(Object(App\Controllers\Supplier))
#11 D:\xampp\joki\system\CodeIgniter.php(326): CodeIgniter\CodeIgniter->handleRequest(NULL, Object(Config\Cache), false)
#12 D:\xampp\joki\public\index.php(37): CodeIgniter\CodeIgniter->run()
#13 D:\xampp\joki\system\Commands\Server\rewrite.php(43): require_once('D:\\xampp\\joki\\p...')
#14 {main}
CRITICAL - 2022-07-20 02:02:00 --> Undefined variable: laporan
#0 D:\xampp\joki\app\Views\page\supplier\index.php(7): CodeIgniter\Debug\Exceptions->errorHandler(8, 'Undefined varia...', 'D:\\xampp\\joki\\a...', 7, Array)
#1 D:\xampp\joki\system\View\View.php(210): include('D:\\xampp\\joki\\a...')
#2 D:\xampp\joki\system\View\View.php(213): CodeIgniter\View\View->CodeIgniter\View\{closure}()
#3 D:\xampp\joki\system\View\View.php(424): CodeIgniter\View\View->render('page/supplier/i...', NULL, true)
#4 D:\xampp\joki\app\Views\supplier\index.php(3): CodeIgniter\View\View->include('page/supplier/i...')
#5 D:\xampp\joki\system\View\View.php(210): include('D:\\xampp\\joki\\a...')
#6 D:\xampp\joki\system\View\View.php(213): CodeIgniter\View\View->CodeIgniter\View\{closure}()
#7 D:\xampp\joki\system\Common.php(1089): CodeIgniter\View\View->render('supplier/index....', Array, true)
#8 D:\xampp\joki\app\Controllers\Supplier.php(16): view('supplier/index....', Array)
#9 D:\xampp\joki\system\CodeIgniter.php(832): App\Controllers\Supplier->index()
#10 D:\xampp\joki\system\CodeIgniter.php(419): CodeIgniter\CodeIgniter->runController(Object(App\Controllers\Supplier))
#11 D:\xampp\joki\system\CodeIgniter.php(326): CodeIgniter\CodeIgniter->handleRequest(NULL, Object(Config\Cache), false)
#12 D:\xampp\joki\public\index.php(37): CodeIgniter\CodeIgniter->run()
#13 D:\xampp\joki\system\Commands\Server\rewrite.php(43): require_once('D:\\xampp\\joki\\p...')
#14 {main}
CRITICAL - 2022-07-20 02:02:00 --> Undefined variable: laporan
#0 D:\xampp\joki\app\Views\page\supplier\index.php(7): CodeIgniter\Debug\Exceptions->errorHandler(8, 'Undefined varia...', 'D:\\xampp\\joki\\a...', 7, Array)
#1 D:\xampp\joki\system\View\View.php(210): include('D:\\xampp\\joki\\a...')
#2 D:\xampp\joki\system\View\View.php(213): CodeIgniter\View\View->CodeIgniter\View\{closure}()
#3 D:\xampp\joki\system\View\View.php(424): CodeIgniter\View\View->render('page/supplier/i...', NULL, true)
#4 D:\xampp\joki\app\Views\supplier\index.php(3): CodeIgniter\View\View->include('page/supplier/i...')
#5 D:\xampp\joki\system\View\View.php(210): include('D:\\xampp\\joki\\a...')
#6 D:\xampp\joki\system\View\View.php(213): CodeIgniter\View\View->CodeIgniter\View\{closure}()
#7 D:\xampp\joki\system\Common.php(1089): CodeIgniter\View\View->render('supplier/index....', Array, true)
#8 D:\xampp\joki\app\Controllers\Supplier.php(16): view('supplier/index....', Array)
#9 D:\xampp\joki\system\CodeIgniter.php(832): App\Controllers\Supplier->index()
#10 D:\xampp\joki\system\CodeIgniter.php(419): CodeIgniter\CodeIgniter->runController(Object(App\Controllers\Supplier))
#11 D:\xampp\joki\system\CodeIgniter.php(326): CodeIgniter\CodeIgniter->handleRequest(NULL, Object(Config\Cache), false)
#12 D:\xampp\joki\public\index.php(37): CodeIgniter\CodeIgniter->run()
#13 D:\xampp\joki\system\Commands\Server\rewrite.php(43): require_once('D:\\xampp\\joki\\p...')
#14 {main}
CRITICAL - 2022-07-20 02:14:29 --> Call to a member function setHeader() on null
#0 D:\xampp\joki\system\CodeIgniter.php(832): App\Controllers\Supplier->export()
#1 D:\xampp\joki\system\CodeIgniter.php(419): CodeIgniter\CodeIgniter->runController(Object(App\Controllers\Supplier))
#2 D:\xampp\joki\system\CodeIgniter.php(326): CodeIgniter\CodeIgniter->handleRequest(NULL, Object(Config\Cache), false)
#3 D:\xampp\joki\public\index.php(37): CodeIgniter\CodeIgniter->run()
#4 D:\xampp\joki\system\Commands\Server\rewrite.php(43): require_once('D:\\xampp\\joki\\p...')
#5 {main}
CRITICAL - 2022-07-20 02:15:13 --> Call to a member function setHeader() on null
#0 D:\xampp\joki\system\CodeIgniter.php(832): App\Controllers\Supplier->export()
#1 D:\xampp\joki\system\CodeIgniter.php(419): CodeIgniter\CodeIgniter->runController(Object(App\Controllers\Supplier))
#2 D:\xampp\joki\system\CodeIgniter.php(326): CodeIgniter\CodeIgniter->handleRequest(NULL, Object(Config\Cache), false)
#3 D:\xampp\joki\public\index.php(37): CodeIgniter\CodeIgniter->run()
#4 D:\xampp\joki\system\Commands\Server\rewrite.php(43): require_once('D:\\xampp\\joki\\p...')
#5 {main}
CRITICAL - 2022-07-20 02:15:46 --> Invalid file: supplier/export.php
#0 D:\xampp\joki\system\View\View.php(198): CodeIgniter\Exceptions\FrameworkException::forInvalidFile('supplier/export...')
#1 D:\xampp\joki\system\Common.php(1089): CodeIgniter\View\View->render('supplier/export...', Array, true)
#2 D:\xampp\joki\app\Controllers\Supplier.php(126): view('supplier/export...', Array)
#3 D:\xampp\joki\system\CodeIgniter.php(832): App\Controllers\Supplier->export()
#4 D:\xampp\joki\system\CodeIgniter.php(419): CodeIgniter\CodeIgniter->runController(Object(App\Controllers\Supplier))
#5 D:\xampp\joki\system\CodeIgniter.php(326): CodeIgniter\CodeIgniter->handleRequest(NULL, Object(Config\Cache), false)
#6 D:\xampp\joki\public\index.php(37): CodeIgniter\CodeIgniter->run()
#7 D:\xampp\joki\system\Commands\Server\rewrite.php(43): require_once('D:\\xampp\\joki\\p...')
#8 {main}
CRITICAL - 2022-07-20 04:35:17 --> Invalid file: page/barang-keluar/export.php
#0 D:\xampp\joki\system\View\View.php(198): CodeIgniter\Exceptions\FrameworkException::forInvalidFile('page/barang-kel...')
#1 D:\xampp\joki\system\Common.php(1089): CodeIgniter\View\View->render('page/barang-kel...', Array, true)
#2 D:\xampp\joki\app\Controllers\Barang.php(222): view('page/barang-kel...', Array)
#3 D:\xampp\joki\system\CodeIgniter.php(832): App\Controllers\Barang->exportBarangKeluar()
#4 D:\xampp\joki\system\CodeIgniter.php(419): CodeIgniter\CodeIgniter->runController(Object(App\Controllers\Barang))
#5 D:\xampp\joki\system\CodeIgniter.php(326): CodeIgniter\CodeIgniter->handleRequest(NULL, Object(Config\Cache), false)
#6 D:\xampp\joki\public\index.php(37): CodeIgniter\CodeIgniter->run()
#7 D:\xampp\joki\system\Commands\Server\rewrite.php(43): require_once('D:\\xampp\\joki\\p...')
#8 {main}
CRITICAL - 2022-07-20 07:11:44 --> Undefined variable: gudang
#0 D:\xampp\joki\app\Views\page\gudang\export.php(16): CodeIgniter\Debug\Exceptions->errorHandler(8, 'Undefined varia...', 'D:\\xampp\\joki\\a...', 16, Array)
#1 D:\xampp\joki\system\View\View.php(210): include('D:\\xampp\\joki\\a...')
#2 D:\xampp\joki\system\View\View.php(213): CodeIgniter\View\View->CodeIgniter\View\{closure}()
#3 D:\xampp\joki\system\Common.php(1089): CodeIgniter\View\View->render('page/gudang/exp...', Array, true)
#4 D:\xampp\joki\app\Controllers\Gudang.php(30): view('page/gudang/exp...', Array)
#5 D:\xampp\joki\system\CodeIgniter.php(832): App\Controllers\Gudang->export()
#6 D:\xampp\joki\system\CodeIgniter.php(419): CodeIgniter\CodeIgniter->runController(Object(App\Controllers\Gudang))
#7 D:\xampp\joki\system\CodeIgniter.php(326): CodeIgniter\CodeIgniter->handleRequest(NULL, Object(Config\Cache), false)
#8 D:\xampp\joki\public\index.php(37): CodeIgniter\CodeIgniter->run()
#9 D:\xampp\joki\system\Commands\Server\rewrite.php(43): require_once('D:\\xampp\\joki\\p...')
#10 {main}
CRITICAL - 2022-07-20 08:14:26 --> Undefined index: kode_supplier
#0 D:\xampp\joki\app\Views\page\barang\jenis-barang.php(44): CodeIgniter\Debug\Exceptions->errorHandler(8, 'Undefined index...', 'D:\\xampp\\joki\\a...', 44, Array)
#1 D:\xampp\joki\system\View\View.php(210): include('D:\\xampp\\joki\\a...')
#2 D:\xampp\joki\system\View\View.php(213): CodeIgniter\View\View->CodeIgniter\View\{closure}()
#3 D:\xampp\joki\system\View\View.php(424): CodeIgniter\View\View->render('page/barang/jen...', NULL, true)
#4 D:\xampp\joki\app\Views\barang\jenis-barang.php(3): CodeIgniter\View\View->include('page/barang/jen...')
#5 D:\xampp\joki\system\View\View.php(210): include('D:\\xampp\\joki\\a...')
#6 D:\xampp\joki\system\View\View.php(213): CodeIgniter\View\View->CodeIgniter\View\{closure}()
#7 D:\xampp\joki\system\Common.php(1089): CodeIgniter\View\View->render('barang/jenis-ba...', Array, true)
#8 D:\xampp\joki\app\Controllers\Barang.php(232): view('barang/jenis-ba...', Array)
#9 D:\xampp\joki\system\CodeIgniter.php(832): App\Controllers\Barang->jenisBarang()
#10 D:\xampp\joki\system\CodeIgniter.php(419): CodeIgniter\CodeIgniter->runController(Object(App\Controllers\Barang))
#11 D:\xampp\joki\system\CodeIgniter.php(326): CodeIgniter\CodeIgniter->handleRequest(NULL, Object(Config\Cache), false)
#12 D:\xampp\joki\public\index.php(37): CodeIgniter\CodeIgniter->run()
#13 D:\xampp\joki\system\Commands\Server\rewrite.php(43): require_once('D:\\xampp\\joki\\p...')
#14 {main}
