CRITICAL - 2022-07-22 01:50:19 --> Undefined variable: jenis
#0 D:\xampp\joki\app\Views\page\gudang\edit.php(39): CodeIgniter\Debug\Exceptions->errorHandler(8, 'Undefined varia...', 'D:\\xampp\\joki\\a...', 39, Array)
#1 D:\xampp\joki\system\View\View.php(210): include('D:\\xampp\\joki\\a...')
#2 D:\xampp\joki\system\View\View.php(213): CodeIgniter\View\View->CodeIgniter\View\{closure}()
#3 D:\xampp\joki\system\View\View.php(424): CodeIgniter\View\View->render('page/gudang/edi...', NULL, true)
#4 D:\xampp\joki\app\Views\gudang\edit.php(3): CodeIgniter\View\View->include('page/gudang/edi...')
#5 D:\xampp\joki\system\View\View.php(210): include('D:\\xampp\\joki\\a...')
#6 D:\xampp\joki\system\View\View.php(213): CodeIgniter\View\View->CodeIgniter\View\{closure}()
#7 D:\xampp\joki\system\Common.php(1089): CodeIgniter\View\View->render('gudang/edit.php', Array, true)
#8 D:\xampp\joki\app\Controllers\Gudang.php(82): view('gudang/edit.php', Array)
#9 D:\xampp\joki\system\CodeIgniter.php(832): App\Controllers\Gudang->edit('1')
#10 D:\xampp\joki\system\CodeIgniter.php(419): CodeIgniter\CodeIgniter->runController(Object(App\Controllers\Gudang))
#11 D:\xampp\joki\system\CodeIgniter.php(326): CodeIgniter\CodeIgniter->handleRequest(NULL, Object(Config\Cache), false)
#12 D:\xampp\joki\public\index.php(37): CodeIgniter\CodeIgniter->run()
#13 D:\xampp\joki\system\Commands\Server\rewrite.php(43): require_once('D:\\xampp\\joki\\p...')
#14 {main}
ERROR - 2022-07-22 06:33:56 --> Unknown column 'status' in 'where clause'
CRITICAL - 2022-07-22 06:33:56 --> Unknown column 'status' in 'where clause'
#0 D:\xampp\joki\system\Database\MySQLi\Connection.php(292): mysqli->query('SELECT *\nFROM `...', 0)
#1 D:\xampp\joki\system\Database\BaseConnection.php(670): CodeIgniter\Database\MySQLi\Connection->execute('SELECT *\nFROM `...')
#2 D:\xampp\joki\system\Database\BaseConnection.php(598): CodeIgniter\Database\BaseConnection->simpleQuery('SELECT *\nFROM `...')
#3 D:\xampp\joki\system\Database\BaseBuilder.php(1455): CodeIgniter\Database\BaseConnection->query('SELECT *\nFROM `...', Array, false)
#4 D:\xampp\joki\system\Model.php(183): CodeIgniter\Database\BaseBuilder->get()
#5 D:\xampp\joki\system\BaseModel.php(584): CodeIgniter\Model->doFindAll(0, 0)
#6 D:\xampp\joki\app\Controllers\Barang.php(262): CodeIgniter\BaseModel->findAll()
#7 D:\xampp\joki\system\CodeIgniter.php(832): App\Controllers\Barang->approveKeluar('')
#8 D:\xampp\joki\system\CodeIgniter.php(419): CodeIgniter\CodeIgniter->runController(Object(App\Controllers\Barang))
#9 D:\xampp\joki\system\CodeIgniter.php(326): CodeIgniter\CodeIgniter->handleRequest(NULL, Object(Config\Cache), false)
#10 D:\xampp\joki\public\index.php(37): CodeIgniter\CodeIgniter->run()
#11 D:\xampp\joki\system\Commands\Server\rewrite.php(43): require_once('D:\\xampp\\joki\\p...')
#12 {main}
CRITICAL - 2022-07-22 06:34:32 --> Undefined variable: laporan
#0 D:\xampp\joki\app\Views\page\barang_keluar\approve.php(12): CodeIgniter\Debug\Exceptions->errorHandler(8, 'Undefined varia...', 'D:\\xampp\\joki\\a...', 12, Array)
#1 D:\xampp\joki\system\View\View.php(210): include('D:\\xampp\\joki\\a...')
#2 D:\xampp\joki\system\View\View.php(213): CodeIgniter\View\View->CodeIgniter\View\{closure}()
#3 D:\xampp\joki\system\View\View.php(424): CodeIgniter\View\View->render('page/barang_kel...', NULL, true)
#4 D:\xampp\joki\app\Views\barang\approve-keluar.php(3): CodeIgniter\View\View->include('page/barang_kel...')
#5 D:\xampp\joki\system\View\View.php(210): include('D:\\xampp\\joki\\a...')
#6 D:\xampp\joki\system\View\View.php(213): CodeIgniter\View\View->CodeIgniter\View\{closure}()
#7 D:\xampp\joki\system\Common.php(1089): CodeIgniter\View\View->render('barang/approve-...', Array, true)
#8 D:\xampp\joki\app\Controllers\Barang.php(264): view('barang/approve-...', Array)
#9 D:\xampp\joki\system\CodeIgniter.php(832): App\Controllers\Barang->approveKeluar('')
#10 D:\xampp\joki\system\CodeIgniter.php(419): CodeIgniter\CodeIgniter->runController(Object(App\Controllers\Barang))
#11 D:\xampp\joki\system\CodeIgniter.php(326): CodeIgniter\CodeIgniter->handleRequest(NULL, Object(Config\Cache), false)
#12 D:\xampp\joki\public\index.php(37): CodeIgniter\CodeIgniter->run()
#13 D:\xampp\joki\system\Commands\Server\rewrite.php(43): require_once('D:\\xampp\\joki\\p...')
#14 {main}
CRITICAL - 2022-07-22 06:35:03 --> Undefined variable: barang
#0 D:\xampp\joki\app\Views\page\barang_keluar\approve.php(38): CodeIgniter\Debug\Exceptions->errorHandler(8, 'Undefined varia...', 'D:\\xampp\\joki\\a...', 38, Array)
#1 D:\xampp\joki\system\View\View.php(210): include('D:\\xampp\\joki\\a...')
#2 D:\xampp\joki\system\View\View.php(213): CodeIgniter\View\View->CodeIgniter\View\{closure}()
#3 D:\xampp\joki\system\View\View.php(424): CodeIgniter\View\View->render('page/barang_kel...', NULL, true)
#4 D:\xampp\joki\app\Views\barang\approve-keluar.php(3): CodeIgniter\View\View->include('page/barang_kel...')
#5 D:\xampp\joki\system\View\View.php(210): include('D:\\xampp\\joki\\a...')
#6 D:\xampp\joki\system\View\View.php(213): CodeIgniter\View\View->CodeIgniter\View\{closure}()
#7 D:\xampp\joki\system\Common.php(1089): CodeIgniter\View\View->render('barang/approve-...', Array, true)
#8 D:\xampp\joki\app\Controllers\Barang.php(264): view('barang/approve-...', Array)
#9 D:\xampp\joki\system\CodeIgniter.php(832): App\Controllers\Barang->approveKeluar('')
#10 D:\xampp\joki\system\CodeIgniter.php(419): CodeIgniter\CodeIgniter->runController(Object(App\Controllers\Barang))
#11 D:\xampp\joki\system\CodeIgniter.php(326): CodeIgniter\CodeIgniter->handleRequest(NULL, Object(Config\Cache), false)
#12 D:\xampp\joki\public\index.php(37): CodeIgniter\CodeIgniter->run()
#13 D:\xampp\joki\system\Commands\Server\rewrite.php(43): require_once('D:\\xampp\\joki\\p...')
#14 {main}
CRITICAL - 2022-07-22 06:40:30 --> There is no data to update.
#0 D:\xampp\joki\system\BaseModel.php(846): CodeIgniter\Database\Exceptions\DataException::forEmptyDataset('update')
#1 D:\xampp\joki\system\Model.php(651): CodeIgniter\BaseModel->update(Array, Array)
#2 D:\xampp\joki\app\Controllers\Barang.php(273): CodeIgniter\Model->update('3', Array)
#3 D:\xampp\joki\system\CodeIgniter.php(832): App\Controllers\Barang->actApproveKeluar('3')
#4 D:\xampp\joki\system\CodeIgniter.php(419): CodeIgniter\CodeIgniter->runController(Object(App\Controllers\Barang))
#5 D:\xampp\joki\system\CodeIgniter.php(326): CodeIgniter\CodeIgniter->handleRequest(NULL, Object(Config\Cache), false)
#6 D:\xampp\joki\public\index.php(37): CodeIgniter\CodeIgniter->run()
#7 D:\xampp\joki\system\Commands\Server\rewrite.php(43): require_once('D:\\xampp\\joki\\p...')
#8 {main}
CRITICAL - 2022-07-22 07:03:31 --> Undefined property: App\Controllers\Barang::$barang
#0 D:\xampp\joki\app\Controllers\Barang.php(160): CodeIgniter\Debug\Exceptions->errorHandler(8, 'Undefined prope...', 'D:\\xampp\\joki\\a...', 160, Array)
#1 D:\xampp\joki\system\CodeIgniter.php(832): App\Controllers\Barang->aksiTambahBarangKeluar()
#2 D:\xampp\joki\system\CodeIgniter.php(419): CodeIgniter\CodeIgniter->runController(Object(App\Controllers\Barang))
#3 D:\xampp\joki\system\CodeIgniter.php(326): CodeIgniter\CodeIgniter->handleRequest(NULL, Object(Config\Cache), false)
#4 D:\xampp\joki\public\index.php(37): CodeIgniter\CodeIgniter->run()
#5 D:\xampp\joki\system\Commands\Server\rewrite.php(43): require_once('D:\\xampp\\joki\\p...')
#6 {main}
CRITICAL - 2022-07-22 19:44:01 --> Undefined property: App\Controllers\Tele::$tele
#0 D:\xampp\joki\app\Controllers\Tele.php(13): CodeIgniter\Debug\Exceptions->errorHandler(8, 'Undefined prope...', 'D:\\xampp\\joki\\a...', 13, Array)
#1 D:\xampp\joki\system\CodeIgniter.php(832): App\Controllers\Tele->index()
#2 D:\xampp\joki\system\CodeIgniter.php(419): CodeIgniter\CodeIgniter->runController(Object(App\Controllers\Tele))
#3 D:\xampp\joki\system\CodeIgniter.php(326): CodeIgniter\CodeIgniter->handleRequest(NULL, Object(Config\Cache), false)
#4 D:\xampp\joki\public\index.php(37): CodeIgniter\CodeIgniter->run()
#5 D:\xampp\joki\system\Commands\Server\rewrite.php(43): require_once('D:\\xampp\\joki\\p...')
#6 {main}
CRITICAL - 2022-07-22 21:38:14 --> Trying to access array offset on value of type null
#0 D:\xampp\joki\app\Controllers\Tele.php(12): CodeIgniter\Debug\Exceptions->errorHandler(8, 'Trying to acces...', 'D:\\xampp\\joki\\a...', 12, Array)
#1 D:\xampp\joki\system\CodeIgniter.php(832): App\Controllers\Tele->index()
#2 D:\xampp\joki\system\CodeIgniter.php(419): CodeIgniter\CodeIgniter->runController(Object(App\Controllers\Tele))
#3 D:\xampp\joki\system\CodeIgniter.php(326): CodeIgniter\CodeIgniter->handleRequest(NULL, Object(Config\Cache), false)
#4 D:\xampp\joki\public\index.php(37): CodeIgniter\CodeIgniter->run()
#5 D:\xampp\joki\system\Commands\Server\rewrite.php(43): require_once('D:\\xampp\\joki\\p...')
#6 {main}
