CRITICAL - 2022-07-23 05:17:04 --> Undefined index: logout
#0 D:\xampp\joki\app\Views\auth\login.php(14): CodeIgniter\Debug\Exceptions->errorHandler(8, 'Undefined index...', 'D:\\xampp\\joki\\a...', 14, Array)
#1 D:\xampp\joki\system\View\View.php(210): include('D:\\xampp\\joki\\a...')
#2 D:\xampp\joki\system\View\View.php(213): CodeIgniter\View\View->CodeIgniter\View\{closure}()
#3 D:\xampp\joki\system\Common.php(1089): CodeIgniter\View\View->render('auth/login', Array, true)
#4 D:\xampp\joki\app\Controllers\Auth.php(39): view('auth/login', Array)
#5 D:\xampp\joki\system\CodeIgniter.php(832): App\Controllers\Auth->halamanLogin()
#6 D:\xampp\joki\system\CodeIgniter.php(419): CodeIgniter\CodeIgniter->runController(Object(App\Controllers\Auth))
#7 D:\xampp\joki\system\CodeIgniter.php(326): CodeIgniter\CodeIgniter->handleRequest(NULL, Object(Config\Cache), false)
#8 D:\xampp\joki\public\index.php(37): CodeIgniter\CodeIgniter->run()
#9 D:\xampp\joki\system\Commands\Server\rewrite.php(43): require_once('D:\\xampp\\joki\\p...')
#10 {main}
CRITICAL - 2022-07-23 05:17:05 --> Undefined index: logout
#0 D:\xampp\joki\app\Views\auth\login.php(14): CodeIgniter\Debug\Exceptions->errorHandler(8, 'Undefined index...', 'D:\\xampp\\joki\\a...', 14, Array)
#1 D:\xampp\joki\system\View\View.php(210): include('D:\\xampp\\joki\\a...')
#2 D:\xampp\joki\system\View\View.php(213): CodeIgniter\View\View->CodeIgniter\View\{closure}()
#3 D:\xampp\joki\system\Common.php(1089): CodeIgniter\View\View->render('auth/login', Array, true)
#4 D:\xampp\joki\app\Controllers\Auth.php(39): view('auth/login', Array)
#5 D:\xampp\joki\system\CodeIgniter.php(832): App\Controllers\Auth->halamanLogin()
#6 D:\xampp\joki\system\CodeIgniter.php(419): CodeIgniter\CodeIgniter->runController(Object(App\Controllers\Auth))
#7 D:\xampp\joki\system\CodeIgniter.php(326): CodeIgniter\CodeIgniter->handleRequest(NULL, Object(Config\Cache), false)
#8 D:\xampp\joki\public\index.php(37): CodeIgniter\CodeIgniter->run()
#9 D:\xampp\joki\system\Commands\Server\rewrite.php(43): require_once('D:\\xampp\\joki\\p...')
#10 {main}
CRITICAL - 2022-07-23 05:17:06 --> Undefined index: logout
#0 D:\xampp\joki\app\Views\auth\login.php(14): CodeIgniter\Debug\Exceptions->errorHandler(8, 'Undefined index...', 'D:\\xampp\\joki\\a...', 14, Array)
#1 D:\xampp\joki\system\View\View.php(210): include('D:\\xampp\\joki\\a...')
#2 D:\xampp\joki\system\View\View.php(213): CodeIgniter\View\View->CodeIgniter\View\{closure}()
#3 D:\xampp\joki\system\Common.php(1089): CodeIgniter\View\View->render('auth/login', Array, true)
#4 D:\xampp\joki\app\Controllers\Auth.php(39): view('auth/login', Array)
#5 D:\xampp\joki\system\CodeIgniter.php(832): App\Controllers\Auth->halamanLogin()
#6 D:\xampp\joki\system\CodeIgniter.php(419): CodeIgniter\CodeIgniter->runController(Object(App\Controllers\Auth))
#7 D:\xampp\joki\system\CodeIgniter.php(326): CodeIgniter\CodeIgniter->handleRequest(NULL, Object(Config\Cache), false)
#8 D:\xampp\joki\public\index.php(37): CodeIgniter\CodeIgniter->run()
#9 D:\xampp\joki\system\Commands\Server\rewrite.php(43): require_once('D:\\xampp\\joki\\p...')
#10 {main}
CRITICAL - 2022-07-23 05:17:07 --> Undefined index: logout
#0 D:\xampp\joki\app\Views\auth\login.php(14): CodeIgniter\Debug\Exceptions->errorHandler(8, 'Undefined index...', 'D:\\xampp\\joki\\a...', 14, Array)
#1 D:\xampp\joki\system\View\View.php(210): include('D:\\xampp\\joki\\a...')
#2 D:\xampp\joki\system\View\View.php(213): CodeIgniter\View\View->CodeIgniter\View\{closure}()
#3 D:\xampp\joki\system\Common.php(1089): CodeIgniter\View\View->render('auth/login', Array, true)
#4 D:\xampp\joki\app\Controllers\Auth.php(39): view('auth/login', Array)
#5 D:\xampp\joki\system\CodeIgniter.php(832): App\Controllers\Auth->halamanLogin()
#6 D:\xampp\joki\system\CodeIgniter.php(419): CodeIgniter\CodeIgniter->runController(Object(App\Controllers\Auth))
#7 D:\xampp\joki\system\CodeIgniter.php(326): CodeIgniter\CodeIgniter->handleRequest(NULL, Object(Config\Cache), false)
#8 D:\xampp\joki\public\index.php(37): CodeIgniter\CodeIgniter->run()
#9 D:\xampp\joki\system\Commands\Server\rewrite.php(43): require_once('D:\\xampp\\joki\\p...')
#10 {main}
CRITICAL - 2022-07-23 05:17:07 --> Undefined index: logout
#0 D:\xampp\joki\app\Views\auth\login.php(14): CodeIgniter\Debug\Exceptions->errorHandler(8, 'Undefined index...', 'D:\\xampp\\joki\\a...', 14, Array)
#1 D:\xampp\joki\system\View\View.php(210): include('D:\\xampp\\joki\\a...')
#2 D:\xampp\joki\system\View\View.php(213): CodeIgniter\View\View->CodeIgniter\View\{closure}()
#3 D:\xampp\joki\system\Common.php(1089): CodeIgniter\View\View->render('auth/login', Array, true)
#4 D:\xampp\joki\app\Controllers\Auth.php(39): view('auth/login', Array)
#5 D:\xampp\joki\system\CodeIgniter.php(832): App\Controllers\Auth->halamanLogin()
#6 D:\xampp\joki\system\CodeIgniter.php(419): CodeIgniter\CodeIgniter->runController(Object(App\Controllers\Auth))
#7 D:\xampp\joki\system\CodeIgniter.php(326): CodeIgniter\CodeIgniter->handleRequest(NULL, Object(Config\Cache), false)
#8 D:\xampp\joki\public\index.php(37): CodeIgniter\CodeIgniter->run()
#9 D:\xampp\joki\system\Commands\Server\rewrite.php(43): require_once('D:\\xampp\\joki\\p...')
#10 {main}
CRITICAL - 2022-07-23 05:17:07 --> Undefined index: logout
#0 D:\xampp\joki\app\Views\auth\login.php(14): CodeIgniter\Debug\Exceptions->errorHandler(8, 'Undefined index...', 'D:\\xampp\\joki\\a...', 14, Array)
#1 D:\xampp\joki\system\View\View.php(210): include('D:\\xampp\\joki\\a...')
#2 D:\xampp\joki\system\View\View.php(213): CodeIgniter\View\View->CodeIgniter\View\{closure}()
#3 D:\xampp\joki\system\Common.php(1089): CodeIgniter\View\View->render('auth/login', Array, true)
#4 D:\xampp\joki\app\Controllers\Auth.php(39): view('auth/login', Array)
#5 D:\xampp\joki\system\CodeIgniter.php(832): App\Controllers\Auth->halamanLogin()
#6 D:\xampp\joki\system\CodeIgniter.php(419): CodeIgniter\CodeIgniter->runController(Object(App\Controllers\Auth))
#7 D:\xampp\joki\system\CodeIgniter.php(326): CodeIgniter\CodeIgniter->handleRequest(NULL, Object(Config\Cache), false)
#8 D:\xampp\joki\public\index.php(37): CodeIgniter\CodeIgniter->run()
#9 D:\xampp\joki\system\Commands\Server\rewrite.php(43): require_once('D:\\xampp\\joki\\p...')
#10 {main}
CRITICAL - 2022-07-23 05:17:08 --> Undefined index: logout
#0 D:\xampp\joki\app\Views\auth\login.php(14): CodeIgniter\Debug\Exceptions->errorHandler(8, 'Undefined index...', 'D:\\xampp\\joki\\a...', 14, Array)
#1 D:\xampp\joki\system\View\View.php(210): include('D:\\xampp\\joki\\a...')
#2 D:\xampp\joki\system\View\View.php(213): CodeIgniter\View\View->CodeIgniter\View\{closure}()
#3 D:\xampp\joki\system\Common.php(1089): CodeIgniter\View\View->render('auth/login', Array, true)
#4 D:\xampp\joki\app\Controllers\Auth.php(39): view('auth/login', Array)
#5 D:\xampp\joki\system\CodeIgniter.php(832): App\Controllers\Auth->halamanLogin()
#6 D:\xampp\joki\system\CodeIgniter.php(419): CodeIgniter\CodeIgniter->runController(Object(App\Controllers\Auth))
#7 D:\xampp\joki\system\CodeIgniter.php(326): CodeIgniter\CodeIgniter->handleRequest(NULL, Object(Config\Cache), false)
#8 D:\xampp\joki\public\index.php(37): CodeIgniter\CodeIgniter->run()
#9 D:\xampp\joki\system\Commands\Server\rewrite.php(43): require_once('D:\\xampp\\joki\\p...')
#10 {main}
CRITICAL - 2022-07-23 05:17:09 --> Undefined index: logout
#0 D:\xampp\joki\app\Views\auth\login.php(14): CodeIgniter\Debug\Exceptions->errorHandler(8, 'Undefined index...', 'D:\\xampp\\joki\\a...', 14, Array)
#1 D:\xampp\joki\system\View\View.php(210): include('D:\\xampp\\joki\\a...')
#2 D:\xampp\joki\system\View\View.php(213): CodeIgniter\View\View->CodeIgniter\View\{closure}()
#3 D:\xampp\joki\system\Common.php(1089): CodeIgniter\View\View->render('auth/login', Array, true)
#4 D:\xampp\joki\app\Controllers\Auth.php(39): view('auth/login', Array)
#5 D:\xampp\joki\system\CodeIgniter.php(832): App\Controllers\Auth->halamanLogin()
#6 D:\xampp\joki\system\CodeIgniter.php(419): CodeIgniter\CodeIgniter->runController(Object(App\Controllers\Auth))
#7 D:\xampp\joki\system\CodeIgniter.php(326): CodeIgniter\CodeIgniter->handleRequest(NULL, Object(Config\Cache), false)
#8 D:\xampp\joki\public\index.php(37): CodeIgniter\CodeIgniter->run()
#9 D:\xampp\joki\system\Commands\Server\rewrite.php(43): require_once('D:\\xampp\\joki\\p...')
#10 {main}
CRITICAL - 2022-07-23 05:17:09 --> Undefined index: logout
#0 D:\xampp\joki\app\Views\auth\login.php(14): CodeIgniter\Debug\Exceptions->errorHandler(8, 'Undefined index...', 'D:\\xampp\\joki\\a...', 14, Array)
#1 D:\xampp\joki\system\View\View.php(210): include('D:\\xampp\\joki\\a...')
#2 D:\xampp\joki\system\View\View.php(213): CodeIgniter\View\View->CodeIgniter\View\{closure}()
#3 D:\xampp\joki\system\Common.php(1089): CodeIgniter\View\View->render('auth/login', Array, true)
#4 D:\xampp\joki\app\Controllers\Auth.php(39): view('auth/login', Array)
#5 D:\xampp\joki\system\CodeIgniter.php(832): App\Controllers\Auth->halamanLogin()
#6 D:\xampp\joki\system\CodeIgniter.php(419): CodeIgniter\CodeIgniter->runController(Object(App\Controllers\Auth))
#7 D:\xampp\joki\system\CodeIgniter.php(326): CodeIgniter\CodeIgniter->handleRequest(NULL, Object(Config\Cache), false)
#8 D:\xampp\joki\public\index.php(37): CodeIgniter\CodeIgniter->run()
#9 D:\xampp\joki\system\Commands\Server\rewrite.php(43): require_once('D:\\xampp\\joki\\p...')
#10 {main}
CRITICAL - 2022-07-23 05:17:10 --> Undefined index: logout
#0 D:\xampp\joki\app\Views\auth\login.php(14): CodeIgniter\Debug\Exceptions->errorHandler(8, 'Undefined index...', 'D:\\xampp\\joki\\a...', 14, Array)
#1 D:\xampp\joki\system\View\View.php(210): include('D:\\xampp\\joki\\a...')
#2 D:\xampp\joki\system\View\View.php(213): CodeIgniter\View\View->CodeIgniter\View\{closure}()
#3 D:\xampp\joki\system\Common.php(1089): CodeIgniter\View\View->render('auth/login', Array, true)
#4 D:\xampp\joki\app\Controllers\Auth.php(39): view('auth/login', Array)
#5 D:\xampp\joki\system\CodeIgniter.php(832): App\Controllers\Auth->halamanLogin()
#6 D:\xampp\joki\system\CodeIgniter.php(419): CodeIgniter\CodeIgniter->runController(Object(App\Controllers\Auth))
#7 D:\xampp\joki\system\CodeIgniter.php(326): CodeIgniter\CodeIgniter->handleRequest(NULL, Object(Config\Cache), false)
#8 D:\xampp\joki\public\index.php(37): CodeIgniter\CodeIgniter->run()
#9 D:\xampp\joki\system\Commands\Server\rewrite.php(43): require_once('D:\\xampp\\joki\\p...')
#10 {main}
CRITICAL - 2022-07-23 05:17:11 --> Undefined index: logout
#0 D:\xampp\joki\app\Views\auth\login.php(14): CodeIgniter\Debug\Exceptions->errorHandler(8, 'Undefined index...', 'D:\\xampp\\joki\\a...', 14, Array)
#1 D:\xampp\joki\system\View\View.php(210): include('D:\\xampp\\joki\\a...')
#2 D:\xampp\joki\system\View\View.php(213): CodeIgniter\View\View->CodeIgniter\View\{closure}()
#3 D:\xampp\joki\system\Common.php(1089): CodeIgniter\View\View->render('auth/login', Array, true)
#4 D:\xampp\joki\app\Controllers\Auth.php(39): view('auth/login', Array)
#5 D:\xampp\joki\system\CodeIgniter.php(832): App\Controllers\Auth->halamanLogin()
#6 D:\xampp\joki\system\CodeIgniter.php(419): CodeIgniter\CodeIgniter->runController(Object(App\Controllers\Auth))
#7 D:\xampp\joki\system\CodeIgniter.php(326): CodeIgniter\CodeIgniter->handleRequest(NULL, Object(Config\Cache), false)
#8 D:\xampp\joki\public\index.php(37): CodeIgniter\CodeIgniter->run()
#9 D:\xampp\joki\system\Commands\Server\rewrite.php(43): require_once('D:\\xampp\\joki\\p...')
#10 {main}
CRITICAL - 2022-07-23 05:28:23 --> Function name must be a string
#0 D:\xampp\joki\system\View\View.php(210): include()
#1 D:\xampp\joki\system\View\View.php(213): CodeIgniter\View\View->CodeIgniter\View\{closure}()
#2 D:\xampp\joki\system\View\View.php(424): CodeIgniter\View\View->render('layout/topbar.p...', NULL, true)
#3 D:\xampp\joki\app\Views\layout\main.php(15): CodeIgniter\View\View->include('layout/topbar.p...')
#4 D:\xampp\joki\system\View\View.php(210): include('D:\\xampp\\joki\\a...')
#5 D:\xampp\joki\system\View\View.php(213): CodeIgniter\View\View->CodeIgniter\View\{closure}()
#6 D:\xampp\joki\system\View\View.php(226): CodeIgniter\View\View->render('layout/main.php', Array, true)
#7 D:\xampp\joki\system\Common.php(1089): CodeIgniter\View\View->render('home/dashboard....', Array, true)
#8 D:\xampp\joki\app\Controllers\Home.php(14): view('home/dashboard....', Array)
#9 D:\xampp\joki\system\CodeIgniter.php(832): App\Controllers\Home->index()
#10 D:\xampp\joki\system\CodeIgniter.php(419): CodeIgniter\CodeIgniter->runController(Object(App\Controllers\Home))
#11 D:\xampp\joki\system\CodeIgniter.php(326): CodeIgniter\CodeIgniter->handleRequest(NULL, Object(Config\Cache), false)
#12 D:\xampp\joki\public\index.php(37): CodeIgniter\CodeIgniter->run()
#13 D:\xampp\joki\system\Commands\Server\rewrite.php(43): require_once('D:\\xampp\\joki\\p...')
#14 {main}
CRITICAL - 2022-07-23 05:29:54 --> Function name must be a string
#0 D:\xampp\joki\system\View\View.php(210): include()
#1 D:\xampp\joki\system\View\View.php(213): CodeIgniter\View\View->CodeIgniter\View\{closure}()
#2 D:\xampp\joki\system\View\View.php(424): CodeIgniter\View\View->render('layout/topbar.p...', NULL, true)
#3 D:\xampp\joki\app\Views\layout\main.php(15): CodeIgniter\View\View->include('layout/topbar.p...')
#4 D:\xampp\joki\system\View\View.php(210): include('D:\\xampp\\joki\\a...')
#5 D:\xampp\joki\system\View\View.php(213): CodeIgniter\View\View->CodeIgniter\View\{closure}()
#6 D:\xampp\joki\system\View\View.php(226): CodeIgniter\View\View->render('layout/main.php', Array, true)
#7 D:\xampp\joki\system\Common.php(1089): CodeIgniter\View\View->render('home/dashboard....', Array, true)
#8 D:\xampp\joki\app\Controllers\Home.php(14): view('home/dashboard....', Array)
#9 D:\xampp\joki\system\CodeIgniter.php(832): App\Controllers\Home->index()
#10 D:\xampp\joki\system\CodeIgniter.php(419): CodeIgniter\CodeIgniter->runController(Object(App\Controllers\Home))
#11 D:\xampp\joki\system\CodeIgniter.php(326): CodeIgniter\CodeIgniter->handleRequest(NULL, Object(Config\Cache), false)
#12 D:\xampp\joki\public\index.php(37): CodeIgniter\CodeIgniter->run()
#13 D:\xampp\joki\system\Commands\Server\rewrite.php(43): require_once('D:\\xampp\\joki\\p...')
#14 {main}
CRITICAL - 2022-07-23 05:35:02 --> Function name must be a string
#0 D:\xampp\joki\system\View\View.php(210): include()
#1 D:\xampp\joki\system\View\View.php(213): CodeIgniter\View\View->CodeIgniter\View\{closure}()
#2 D:\xampp\joki\system\View\View.php(424): CodeIgniter\View\View->render('layout/topbar.p...', NULL, true)
#3 D:\xampp\joki\app\Views\layout\main.php(15): CodeIgniter\View\View->include('layout/topbar.p...')
#4 D:\xampp\joki\system\View\View.php(210): include('D:\\xampp\\joki\\a...')
#5 D:\xampp\joki\system\View\View.php(213): CodeIgniter\View\View->CodeIgniter\View\{closure}()
#6 D:\xampp\joki\system\View\View.php(226): CodeIgniter\View\View->render('layout/main.php', Array, true)
#7 D:\xampp\joki\system\Common.php(1089): CodeIgniter\View\View->render('home/dashboard....', Array, true)
#8 D:\xampp\joki\app\Controllers\Home.php(14): view('home/dashboard....', Array)
#9 D:\xampp\joki\system\CodeIgniter.php(832): App\Controllers\Home->index()
#10 D:\xampp\joki\system\CodeIgniter.php(419): CodeIgniter\CodeIgniter->runController(Object(App\Controllers\Home))
#11 D:\xampp\joki\system\CodeIgniter.php(326): CodeIgniter\CodeIgniter->handleRequest(NULL, Object(Config\Cache), false)
#12 D:\xampp\joki\public\index.php(37): CodeIgniter\CodeIgniter->run()
#13 D:\xampp\joki\system\Commands\Server\rewrite.php(43): require_once('D:\\xampp\\joki\\p...')
#14 {main}
CRITICAL - 2022-07-23 23:38:30 --> Undefined index: kntl
#0 D:\xampp\joki\app\Controllers\Tele.php(13): CodeIgniter\Debug\Exceptions->errorHandler(8, 'Undefined index...', 'D:\\xampp\\joki\\a...', 13, Array)
#1 D:\xampp\joki\system\CodeIgniter.php(832): App\Controllers\Tele->index()
#2 D:\xampp\joki\system\CodeIgniter.php(419): CodeIgniter\CodeIgniter->runController(Object(App\Controllers\Tele))
#3 D:\xampp\joki\system\CodeIgniter.php(326): CodeIgniter\CodeIgniter->handleRequest(NULL, Object(Config\Cache), false)
#4 D:\xampp\joki\public\index.php(37): CodeIgniter\CodeIgniter->run()
#5 D:\xampp\joki\system\Commands\Server\rewrite.php(43): require_once('D:\\xampp\\joki\\p...')
#6 {main}
CRITICAL - 2022-07-23 23:49:34 --> Trying to access array offset on value of type null
#0 D:\xampp\joki\app\Controllers\Tele.php(12): CodeIgniter\Debug\Exceptions->errorHandler(8, 'Trying to acces...', 'D:\\xampp\\joki\\a...', 12, Array)
#1 D:\xampp\joki\system\CodeIgniter.php(832): App\Controllers\Tele->index()
#2 D:\xampp\joki\system\CodeIgniter.php(419): CodeIgniter\CodeIgniter->runController(Object(App\Controllers\Tele))
#3 D:\xampp\joki\system\CodeIgniter.php(326): CodeIgniter\CodeIgniter->handleRequest(NULL, Object(Config\Cache), false)
#4 D:\xampp\joki\public\index.php(37): CodeIgniter\CodeIgniter->run()
#5 D:\xampp\joki\system\Commands\Server\rewrite.php(43): require_once('D:\\xampp\\joki\\p...')
#6 {main}
